<?xml version="1.0" encoding="UTF-8"?>
<testng-results total="1" passed="1" failed="0" skipped="0">
  <reporter-output>
  </reporter-output>
  <suite started-at="2023-06-14T08:57:16Z" name="Default suite" finished-at="2023-06-14T08:57:42Z" duration-ms="26783">
    <groups>
    </groups>
    <test started-at="2023-06-14T08:57:16Z" name="Default test" finished-at="2023-06-14T08:57:42Z" duration-ms="26783">
      <class name="Tests.BookingFlightTicketTest">
        <test-method signature="bookingATicket()[pri:0, instance:Tests.BookingFlightTicketTest@1b75c2e3]" started-at="2023-06-14T14:27:16Z" name="bookingATicket" finished-at="2023-06-14T14:27:42Z" duration-ms="26764" status="PASS">
          <reporter-output>
          </reporter-output>
        </test-method> <!-- bookingATicket -->
      </class> <!-- Tests.BookingFlightTicketTest -->
    </test> <!-- Default test -->
  </suite> <!-- Default suite -->
</testng-results>
